Arguments: 
  C:\Program Files\nodejs\node.exe C:\Program Files (x86)\Yarn\bin\yarn.js add jsonwebtoken

PATH: 
  C:\tools\cmder\vendor\conemu-maximus5\ConEmu\Scripts;C:\tools\cmder\vendor\conemu-maximus5;C:\tools\cmder\vendor\conemu-maximus5\ConEmu;C:\Program Files\Python36\Scripts\;C:\Program Files\Python36\;C:\Users\Owner\AppData\Local\Programs\Python\Python36\Scripts\;C:\Users\Owner\AppData\Local\Programs\Python\Python36\;C:\Program Files (x86)\NVIDIA Corporation\PhysX\Common;C:\PROGRAMDATA\ORACLE\JAVA\JAVAPATH;C:\PROGRAM FILES (X86)\AMD APP\BIN\X86_64;C:\PROGRAM FILES (X86)\INTEL\ICLS CLIENT\;C:\PROGRAM FILES\INTEL\ICLS CLIENT\;C:\WINDOWS\SYSTEM32;C:\WINDOWS;C:\WINDOWS\SYSTEM32\WBEM;C:\WINDOWS\SYSTEM32\WINDOWSPOWERSHELL\V1.0\;C:\PROGRAM FILES (X86)\INTEL\OPENCL SDK\2.0\BIN\X86;C:\PROGRAM FILES (X86)\INTEL\OPENCL SDK\2.0\BIN\X64;C:\PROGRAM FILES\INTEL\INTEL(R) MANAGEMENT ENGINE COMPONENTS\DAL;C:\PROGRAM FILES\INTEL\INTEL(R) MANAGEMENT ENGINE COMPONENTS\IPT;C:\PROGRAM FILES (X86)\INTEL\INTEL(R) MANAGEMENT ENGINE COMPONENTS\DAL;C:\PROGRAM FILES (X86)\INTEL\INTEL(R) MANAGEMENT ENGINE COMPONENTS\IPT;C:\PROGRAM FILES (X86)\ATI TECHNOLOGIES\ATI.ACE\CORE-STATIC;C:\PROGRAM FILES (X86)\WINDOWS LIVE\SHARED;C:\Program Files\WIDCOMM\Bluetooth Software\;C:\Program Files\WIDCOMM\Bluetooth Software\syswow64;C:\WINDOWS\system32;C:\WINDOWS;C:\WINDOWS\System32\Wbem;C:\WINDOWS\System32\WindowsPowerShell\v1.0\;C:\Program Files (x86)\ATI Technologies\ATI.ACE\Core-Static;C:\Program Files (x86)\Skype\Phone\;C:\ProgramData\chocolatey\bin;C:\Program Files (x86)\Gow\bin;C:\Program Files (x86)\vim\vim80;C:\ProgramData\chocolatey\lib\curl\tools\curl_x64;C:\ProgramData\chocolatey\bin\;C:\Program Files (x86)\Yarn\bin;C:\Program Files\MongoDB\Server\3.6\bin;C:\Program Files\Git\cmd;C:\Program Files\nodejs\;C:\Users\Owner\AppData\Local\Programs\Python\Python35\Scripts\;C:\Users\Owner\AppData\Local\Programs\Python\Python35\;C:\Users\Owner\AppData\Local\Microsoft\WindowsApps\;C:\tools\cmder\;C:\Users\Owner\AppData\Local\GitHubDesktop\bin\;C:\Program Files\CMake\bin\;C:\Windows\Microsoft.NET\Framework64\v4.0.30319\;C:\Program Files (x86)\Microsoft Visual Studio\2017\Community\Common7\IDE\VC\VCTargets\;C:\Users\Owner\AppData\Roaming\npm\;C:\Program Files\MongoDB\Server\3.6\bin\;C:\Program Files (x86)\Yarn\bin\;C:\Program Files\Heroku\bin;C:\Users\Owner\AppData\Local\GitHubDesktop\bin;C:\Users\Owner\AppData\Roaming\npm;C:\Program Files\Git\bin;C:\Program Files\Git\usr\bin

Yarn version: 
  1.5.1

Node version: 
  10.0.0

Platform: 
  win32 x64

npm manifest: 
  {
  	"name": "Build-a-Nightlife-Coordination-App",
  	"version": "1.0.0",
  	"main": "index.js",
  	"repository": "https://github.com/shizukesa92/Build-a-Nightlife-Coordination-App.git",
  	"author": "Leonard Tye <leonardtye1992@gmail.com>",
  	"license": "MIT",
  	"engines": {
  		"node": "9.7.1",
  		"npm": "5.8.0",
  		"yarn": "1.5.1"
  	},
  	"scripts": {
  		"start": "node index.js",
  		"build": "webpack --env prod --progress --config webpack.config.js",
  		"dev:client": "webpack-dev-server --mode development --config webpack.config.js",
  		"dev:server": "nodemon index.js",
  		"dev": "concurrently \"yarn run dev:server\" \"yarn run dev:client\"",
  		"postinstall": "webpack --env prod --progress --config webpack.config.js"
  	},
  	"dependencies": {
  		"axios": "^0.18.0",
  		"babel-core": "^6.26.0",
  		"babel-polyfill": "^6.26.0",
  		"bcrypt": "^2.0.1",
  		"body-parser": "^1.18.2",
  		"bootstrap": "^4.0.0",
  		"compression": "^1.7.2",
  		"cookie-session": "^2.0.0-beta.3",
  		"dotenv": "^5.0.1",
  		"express": "^4.16.3",
  		"jquery": "^3.3.1",
  		"mongodb": "^3.0.5",
  		"mongoose": "^5.0.13",
  		"passport": "^0.4.0",
  		"passport-local": "^1.0.0",
  		"react": "^16.3.0",
  		"react-bootstrap": "^0.32.1",
  		"react-dom": "^16.3.0",
  		"react-redux": "^5.0.7",
  		"react-router": "^4.2.0",
  		"react-router-dom": "^4.2.2",
  		"recharts": "^1.0.0-beta.10",
  		"redux": "^3.7.2",
  		"redux-batched-actions": "^0.2.1",
  		"redux-form": "^7.3.0",
  		"redux-thunk": "^2.2.0"
  	},
  	"devDependencies": {
  		"autoprefixer": "^8.2.0",
  		"babel-eslint": "^8.2.2",
  		"babel-loader": "^7.1.4",
  		"babel-preset-env": "^1.6.1",
  		"babel-preset-react": "^6.24.1",
  		"babel-preset-stage-0": "^6.24.1",
  		"css-loader": "^0.28.11",
  		"concurrently": "^3.5.1",
  		"eslint": "^4.19.1",
  		"eslint-config-airbnb": "^16.1.0",
  		"eslint-loader": "^2.0.0",
  		"eslint-plugin-babel": "^5.0.0",
  		"eslint-plugin-html": "^4.0.2",
  		"eslint-plugin-import": "^2.10.0",
  		"eslint-plugin-jsx-a11y": "^6.0.3",
  		"eslint-plugin-react": "^7.7.0",
  		"eslint-plugin-react-redux": "^2.3.0",
  		"html-loader": "^0.5.5",
  		"html-webpack-plugin": "^3.1.0",
  		"mini-css-extract-plugin": "^0.4.0",
  		"node-sass": "^4.8.3",
  		"postcss-loader": "^2.1.3",
  		"postcss-scss": "^1.0.5",
  		"precss": "^3.1.2",
  		"sass-loader": "^6.0.7",
  		"style-loader": "^0.20.3",
  		"webpack": "^4.4.1",
  		"webpack-cli": "^2.0.13",
  		"webpack-dev-server": "^3.1.1",
  		"webpack-dev-middleware": "^3.1.2",
  		"webpack-hot-middleware": "^2.21.2"
  	},
  	"comments": {
  		"//": "Anything that is required or imported should be included under dependencies and not dev-depencies"
  	}
  }

yarn manifest: 
  No manifest

Lockfile: 
  No lockfile

Trace: 
  Error: Found incompatible module
      at new MessageError (C:\Program Files (x86)\Yarn\lib\cli.js:186:110)
      at Object.checkOne (C:\Program Files (x86)\Yarn\lib\cli.js:62444:11)
      at C:\Program Files (x86)\Yarn\lib\cli.js:22773:75
      at Generator.next (<anonymous>)
      at step (C:\Program Files (x86)\Yarn\lib\cli.js:98:30)
      at C:\Program Files (x86)\Yarn\lib\cli.js:116:14
      at new Promise (<anonymous>)
      at new F (C:\Program Files (x86)\Yarn\lib\cli.js:23451:28)
      at C:\Program Files (x86)\Yarn\lib\cli.js:95:12
      at C:\Program Files (x86)\Yarn\lib\cli.js:22777:27
